<?xml version="1.0" encoding="UTF-8"?>
<testsuites>
  <testsuite name="" tests="24" assertions="71" errors="0" warnings="0" failures="0" skipped="0" time="0.074099">
    <testsuite name="Project Test Suite" tests="24" assertions="71" errors="0" warnings="0" failures="0" skipped="0" time="0.074099">
      <testsuite name="App\Test\BankHandTest" file="/Users/axeljonsson/dbwebb-kurser/mvc/me/report/tests/Card/BankHandTest.php" tests="1" assertions="4" errors="0" warnings="0" failures="0" skipped="0" time="0.014282">
        <testcase name="testDrawCards" class="App\Test\BankHandTest" classname="App.Test.BankHandTest" file="/Users/axeljonsson/dbwebb-kurser/mvc/me/report/tests/Card/BankHandTest.php" line="18" assertions="4" time="0.014282"/>
      </testsuite>
      <testsuite name="App\Test\BetterCardTest" file="/Users/axeljonsson/dbwebb-kurser/mvc/me/report/tests/Card/BetterCardTest.php" tests="2" assertions="4" errors="0" warnings="0" failures="0" skipped="0" time="0.001491">
        <testcase name="testSetValue" class="App\Test\BetterCardTest" classname="App.Test.BetterCardTest" file="/Users/axeljonsson/dbwebb-kurser/mvc/me/report/tests/Card/BetterCardTest.php" line="19" assertions="2" time="0.001051"/>
        <testcase name="testSetPoints" class="App\Test\BetterCardTest" classname="App.Test.BetterCardTest" file="/Users/axeljonsson/dbwebb-kurser/mvc/me/report/tests/Card/BetterCardTest.php" line="34" assertions="2" time="0.000440"/>
      </testsuite>
      <testsuite name="App\Test\CardHandTest" file="/Users/axeljonsson/dbwebb-kurser/mvc/me/report/tests/Card/CardHandTest.php" tests="4" assertions="16" errors="0" warnings="0" failures="0" skipped="0" time="0.002451">
        <testcase name="testGetNumberCards" class="App\Test\CardHandTest" classname="App.Test.CardHandTest" file="/Users/axeljonsson/dbwebb-kurser/mvc/me/report/tests/Card/CardHandTest.php" line="18" assertions="2" time="0.001073"/>
        <testcase name="testAdd" class="App\Test\CardHandTest" classname="App.Test.CardHandTest" file="/Users/axeljonsson/dbwebb-kurser/mvc/me/report/tests/Card/CardHandTest.php" line="32" assertions="4" time="0.000470"/>
        <testcase name="testGetValues" class="App\Test\CardHandTest" classname="App.Test.CardHandTest" file="/Users/axeljonsson/dbwebb-kurser/mvc/me/report/tests/Card/CardHandTest.php" line="56" assertions="5" time="0.000455"/>
        <testcase name="testGetPoints" class="App\Test\CardHandTest" classname="App.Test.CardHandTest" file="/Users/axeljonsson/dbwebb-kurser/mvc/me/report/tests/Card/CardHandTest.php" line="80" assertions="5" time="0.000453"/>
      </testsuite>
      <testsuite name="App\Test\CardTest" file="/Users/axeljonsson/dbwebb-kurser/mvc/me/report/tests/Card/CardTest.php" tests="2" assertions="4" errors="0" warnings="0" failures="0" skipped="0" time="0.000843">
        <testcase name="testGetValue" class="App\Test\CardTest" classname="App.Test.CardTest" file="/Users/axeljonsson/dbwebb-kurser/mvc/me/report/tests/Card/CardTest.php" line="18" assertions="2" time="0.000468"/>
        <testcase name="testGetDetails" class="App\Test\CardTest" classname="App.Test.CardTest" file="/Users/axeljonsson/dbwebb-kurser/mvc/me/report/tests/Card/CardTest.php" line="35" assertions="2" time="0.000375"/>
      </testsuite>
      <testsuite name="App\Test\DeckOfCardsTest" file="/Users/axeljonsson/dbwebb-kurser/mvc/me/report/tests/Card/DeckOfCardsTest.php" tests="8" assertions="26" errors="0" warnings="0" failures="0" skipped="0" time="0.009046">
        <testcase name="testGetNumberOfCards" class="App\Test\DeckOfCardsTest" classname="App.Test.DeckOfCardsTest" file="/Users/axeljonsson/dbwebb-kurser/mvc/me/report/tests/Card/DeckOfCardsTest.php" line="18" assertions="2" time="0.000570"/>
        <testcase name="testGetCards" class="App\Test\DeckOfCardsTest" classname="App.Test.DeckOfCardsTest" file="/Users/axeljonsson/dbwebb-kurser/mvc/me/report/tests/Card/DeckOfCardsTest.php" line="31" assertions="3" time="0.002106"/>
        <testcase name="testGetValues" class="App\Test\DeckOfCardsTest" classname="App.Test.DeckOfCardsTest" file="/Users/axeljonsson/dbwebb-kurser/mvc/me/report/tests/Card/DeckOfCardsTest.php" line="55" assertions="2" time="0.000745"/>
        <testcase name="testGetSuit" class="App\Test\DeckOfCardsTest" classname="App.Test.DeckOfCardsTest" file="/Users/axeljonsson/dbwebb-kurser/mvc/me/report/tests/Card/DeckOfCardsTest.php" line="80" assertions="2" time="0.000642"/>
        <testcase name="testShuffleDeck" class="App\Test\DeckOfCardsTest" classname="App.Test.DeckOfCardsTest" file="/Users/axeljonsson/dbwebb-kurser/mvc/me/report/tests/Card/DeckOfCardsTest.php" line="112" assertions="5" time="0.002289"/>
        <testcase name="testDrawCard" class="App\Test\DeckOfCardsTest" classname="App.Test.DeckOfCardsTest" file="/Users/axeljonsson/dbwebb-kurser/mvc/me/report/tests/Card/DeckOfCardsTest.php" line="153" assertions="4" time="0.000638"/>
        <testcase name="testApiDraw" class="App\Test\DeckOfCardsTest" classname="App.Test.DeckOfCardsTest" file="/Users/axeljonsson/dbwebb-kurser/mvc/me/report/tests/Card/DeckOfCardsTest.php" line="178" assertions="4" time="0.000625"/>
        <testcase name="testRemove" class="App\Test\DeckOfCardsTest" classname="App.Test.DeckOfCardsTest" file="/Users/axeljonsson/dbwebb-kurser/mvc/me/report/tests/Card/DeckOfCardsTest.php" line="200" assertions="4" time="0.001431"/>
      </testsuite>
      <testsuite name="App\Test\BookControllerTest" file="/Users/axeljonsson/dbwebb-kurser/mvc/me/report/tests/Controller/BookControllerTest.php" tests="1" assertions="1" errors="0" warnings="0" failures="0" skipped="0" time="0.006827">
        <testcase name="testIsInstance" class="App\Test\BookControllerTest" classname="App.Test.BookControllerTest" file="/Users/axeljonsson/dbwebb-kurser/mvc/me/report/tests/Controller/BookControllerTest.php" line="18" assertions="1" time="0.006827"/>
      </testsuite>
      <testsuite name="App\Test\DiceTest" file="/Users/axeljonsson/dbwebb-kurser/mvc/me/report/tests/Dice/DiceTest.php" tests="3" assertions="9" errors="0" warnings="0" failures="0" skipped="0" time="0.022500">
        <testcase name="testCreateDice" class="App\Test\DiceTest" classname="App.Test.DiceTest" file="/Users/axeljonsson/dbwebb-kurser/mvc/me/report/tests/Dice/DiceTest.php" line="17" assertions="2" time="0.001644"/>
        <testcase name="testRollDice" class="App\Test\DiceTest" classname="App.Test.DiceTest" file="/Users/axeljonsson/dbwebb-kurser/mvc/me/report/tests/Dice/DiceTest.php" line="31" assertions="5" time="0.002977"/>
        <testcase name="testRollMockedDice" class="App\Test\DiceTest" classname="App.Test.DiceTest" file="/Users/axeljonsson/dbwebb-kurser/mvc/me/report/tests/Dice/DiceTest.php" line="46" assertions="2" time="0.017878"/>
      </testsuite>
      <testsuite name="App\Test\BookTest" file="/Users/axeljonsson/dbwebb-kurser/mvc/me/report/tests/Entity/BookTest.php" tests="3" assertions="7" errors="0" warnings="0" failures="0" skipped="0" time="0.016659">
        <testcase name="testBookCreate" class="App\Test\BookTest" classname="App.Test.BookTest" file="/Users/axeljonsson/dbwebb-kurser/mvc/me/report/tests/Entity/BookTest.php" line="18" assertions="3" time="0.001311"/>
        <testcase name="testBookSetImageException" class="App\Test\BookTest" classname="App.Test.BookTest" file="/Users/axeljonsson/dbwebb-kurser/mvc/me/report/tests/Entity/BookTest.php" line="36" assertions="2" time="0.001991"/>
        <testcase name="testBookSetImageExceptionSvgError" class="App\Test\BookTest" classname="App.Test.BookTest" file="/Users/axeljonsson/dbwebb-kurser/mvc/me/report/tests/Entity/BookTest.php" line="51" assertions="2" time="0.013358"/>
      </testsuite>
    </testsuite>
  </testsuite>
</testsuites>
