<?xml version="1.0" encoding="UTF-8"?>
<testsuites>
  <testsuite name="" tests="35" assertions="107" errors="0" warnings="0" failures="0" skipped="0" time="0.080091">
    <testsuite name="Project Test Suite" tests="35" assertions="107" errors="0" warnings="0" failures="0" skipped="0" time="0.080091">
      <testsuite name="App\Test\BankHandTest" file="/Users/axeljonsson/dbwebb-kurser/mvc/me/report/tests/Card/BankHandTest.php" tests="1" assertions="4" errors="0" warnings="0" failures="0" skipped="0" time="0.011828">
        <testcase name="testDrawCards" class="App\Test\BankHandTest" classname="App.Test.BankHandTest" file="/Users/axeljonsson/dbwebb-kurser/mvc/me/report/tests/Card/BankHandTest.php" line="16" assertions="4" time="0.011828"/>
      </testsuite>
      <testsuite name="App\Test\BetterCardTest" file="/Users/axeljonsson/dbwebb-kurser/mvc/me/report/tests/Card/BetterCardTest.php" tests="2" assertions="4" errors="0" warnings="0" failures="0" skipped="0" time="0.001512">
        <testcase name="testSetValue" class="App\Test\BetterCardTest" classname="App.Test.BetterCardTest" file="/Users/axeljonsson/dbwebb-kurser/mvc/me/report/tests/Card/BetterCardTest.php" line="16" assertions="2" time="0.001085"/>
        <testcase name="testSetPoints" class="App\Test\BetterCardTest" classname="App.Test.BetterCardTest" file="/Users/axeljonsson/dbwebb-kurser/mvc/me/report/tests/Card/BetterCardTest.php" line="31" assertions="2" time="0.000427"/>
      </testsuite>
      <testsuite name="App\Test\CardHandTest" file="/Users/axeljonsson/dbwebb-kurser/mvc/me/report/tests/Card/CardHandTest.php" tests="4" assertions="16" errors="0" warnings="0" failures="0" skipped="0" time="0.002741">
        <testcase name="testGetNumberCards" class="App\Test\CardHandTest" classname="App.Test.CardHandTest" file="/Users/axeljonsson/dbwebb-kurser/mvc/me/report/tests/Card/CardHandTest.php" line="16" assertions="2" time="0.001106"/>
        <testcase name="testAdd" class="App\Test\CardHandTest" classname="App.Test.CardHandTest" file="/Users/axeljonsson/dbwebb-kurser/mvc/me/report/tests/Card/CardHandTest.php" line="29" assertions="4" time="0.000542"/>
        <testcase name="testGetValues" class="App\Test\CardHandTest" classname="App.Test.CardHandTest" file="/Users/axeljonsson/dbwebb-kurser/mvc/me/report/tests/Card/CardHandTest.php" line="53" assertions="5" time="0.000469"/>
        <testcase name="testGetPoints" class="App\Test\CardHandTest" classname="App.Test.CardHandTest" file="/Users/axeljonsson/dbwebb-kurser/mvc/me/report/tests/Card/CardHandTest.php" line="77" assertions="5" time="0.000623"/>
      </testsuite>
      <testsuite name="App\Test\CardTest" file="/Users/axeljonsson/dbwebb-kurser/mvc/me/report/tests/Card/CardTest.php" tests="2" assertions="4" errors="0" warnings="0" failures="0" skipped="0" time="0.000949">
        <testcase name="testGetValue" class="App\Test\CardTest" classname="App.Test.CardTest" file="/Users/axeljonsson/dbwebb-kurser/mvc/me/report/tests/Card/CardTest.php" line="16" assertions="2" time="0.000515"/>
        <testcase name="testGetDetails" class="App\Test\CardTest" classname="App.Test.CardTest" file="/Users/axeljonsson/dbwebb-kurser/mvc/me/report/tests/Card/CardTest.php" line="33" assertions="2" time="0.000433"/>
      </testsuite>
      <testsuite name="App\Test\DeckOfCardsTest" file="/Users/axeljonsson/dbwebb-kurser/mvc/me/report/tests/Card/DeckOfCardsTest.php" tests="8" assertions="26" errors="0" warnings="0" failures="0" skipped="0" time="0.009262">
        <testcase name="testGetNumberOfCards" class="App\Test\DeckOfCardsTest" classname="App.Test.DeckOfCardsTest" file="/Users/axeljonsson/dbwebb-kurser/mvc/me/report/tests/Card/DeckOfCardsTest.php" line="18" assertions="2" time="0.000622"/>
        <testcase name="testGetCards" class="App\Test\DeckOfCardsTest" classname="App.Test.DeckOfCardsTest" file="/Users/axeljonsson/dbwebb-kurser/mvc/me/report/tests/Card/DeckOfCardsTest.php" line="31" assertions="3" time="0.001964"/>
        <testcase name="testGetValues" class="App\Test\DeckOfCardsTest" classname="App.Test.DeckOfCardsTest" file="/Users/axeljonsson/dbwebb-kurser/mvc/me/report/tests/Card/DeckOfCardsTest.php" line="55" assertions="2" time="0.000697"/>
        <testcase name="testGetSuit" class="App\Test\DeckOfCardsTest" classname="App.Test.DeckOfCardsTest" file="/Users/axeljonsson/dbwebb-kurser/mvc/me/report/tests/Card/DeckOfCardsTest.php" line="79" assertions="2" time="0.000630"/>
        <testcase name="testShuffleDeck" class="App\Test\DeckOfCardsTest" classname="App.Test.DeckOfCardsTest" file="/Users/axeljonsson/dbwebb-kurser/mvc/me/report/tests/Card/DeckOfCardsTest.php" line="110" assertions="5" time="0.002643"/>
        <testcase name="testDrawCard" class="App\Test\DeckOfCardsTest" classname="App.Test.DeckOfCardsTest" file="/Users/axeljonsson/dbwebb-kurser/mvc/me/report/tests/Card/DeckOfCardsTest.php" line="150" assertions="4" time="0.000628"/>
        <testcase name="testApiDraw" class="App\Test\DeckOfCardsTest" classname="App.Test.DeckOfCardsTest" file="/Users/axeljonsson/dbwebb-kurser/mvc/me/report/tests/Card/DeckOfCardsTest.php" line="174" assertions="4" time="0.000616"/>
        <testcase name="testRemove" class="App\Test\DeckOfCardsTest" classname="App.Test.DeckOfCardsTest" file="/Users/axeljonsson/dbwebb-kurser/mvc/me/report/tests/Card/DeckOfCardsTest.php" line="196" assertions="4" time="0.001463"/>
      </testsuite>
      <testsuite name="App\Test\NodeTest" file="/Users/axeljonsson/dbwebb-kurser/mvc/me/report/tests/Card/NodeTest.php" tests="2" assertions="12" errors="0" warnings="0" failures="0" skipped="0" time="0.001738">
        <testcase name="testGetNodeProperties" class="App\Test\NodeTest" classname="App.Test.NodeTest" file="/Users/axeljonsson/dbwebb-kurser/mvc/me/report/tests/Card/NodeTest.php" line="17" assertions="6" time="0.001261"/>
        <testcase name="testSetNodeProperties" class="App\Test\NodeTest" classname="App.Test.NodeTest" file="/Users/axeljonsson/dbwebb-kurser/mvc/me/report/tests/Card/NodeTest.php" line="44" assertions="6" time="0.000477"/>
      </testsuite>
      <testsuite name="App\Test\PlayerQueueTest" file="/Users/axeljonsson/dbwebb-kurser/mvc/me/report/tests/Card/PlayerQueueTest.php" tests="9" assertions="24" errors="0" warnings="0" failures="0" skipped="0" time="0.009067">
        <testcase name="testPlayerQueueProperties" class="App\Test\PlayerQueueTest" classname="App.Test.PlayerQueueTest" file="/Users/axeljonsson/dbwebb-kurser/mvc/me/report/tests/Card/PlayerQueueTest.php" line="18" assertions="6" time="0.002109"/>
        <testcase name="testPlayerQueueAdvanceQueue" class="App\Test\PlayerQueueTest" classname="App.Test.PlayerQueueTest" file="/Users/axeljonsson/dbwebb-kurser/mvc/me/report/tests/Card/PlayerQueueTest.php" line="43" assertions="3" time="0.000755"/>
        <testcase name="testPlayerQueueAddPlayer" class="App\Test\PlayerQueueTest" classname="App.Test.PlayerQueueTest" file="/Users/axeljonsson/dbwebb-kurser/mvc/me/report/tests/Card/PlayerQueueTest.php" line="63" assertions="4" time="0.000806"/>
        <testcase name="testPlayerQueueAddBank" class="App\Test\PlayerQueueTest" classname="App.Test.PlayerQueueTest" file="/Users/axeljonsson/dbwebb-kurser/mvc/me/report/tests/Card/PlayerQueueTest.php" line="87" assertions="3" time="0.000814"/>
        <testcase name="testPlayerQueueGetPlacedBets" class="App\Test\PlayerQueueTest" classname="App.Test.PlayerQueueTest" file="/Users/axeljonsson/dbwebb-kurser/mvc/me/report/tests/Card/PlayerQueueTest.php" line="116" assertions="1" time="0.000790"/>
        <testcase name="testPlayerQueueShowBanksHiddenCard" class="App\Test\PlayerQueueTest" classname="App.Test.PlayerQueueTest" file="/Users/axeljonsson/dbwebb-kurser/mvc/me/report/tests/Card/PlayerQueueTest.php" line="134" assertions="4" time="0.000805"/>
        <testcase name="testPlayerQueueGetPlayerDataAsArray" class="App\Test\PlayerQueueTest" classname="App.Test.PlayerQueueTest" file="/Users/axeljonsson/dbwebb-kurser/mvc/me/report/tests/Card/PlayerQueueTest.php" line="153" assertions="1" time="0.001475"/>
        <testcase name="testPlayerQueueCalculateWinner" class="App\Test\PlayerQueueTest" classname="App.Test.PlayerQueueTest" file="/Users/axeljonsson/dbwebb-kurser/mvc/me/report/tests/Card/PlayerQueueTest.php" line="167" assertions="1" time="0.000783"/>
        <testcase name="testPlayerQueueDrawCardForCurrentPlayer" class="App\Test\PlayerQueueTest" classname="App.Test.PlayerQueueTest" file="/Users/axeljonsson/dbwebb-kurser/mvc/me/report/tests/Card/PlayerQueueTest.php" line="180" assertions="1" time="0.000731"/>
      </testsuite>
      <testsuite name="App\Test\BookControllerTest" file="/Users/axeljonsson/dbwebb-kurser/mvc/me/report/tests/Controller/BookControllerTest.php" tests="1" assertions="1" errors="0" warnings="0" failures="0" skipped="0" time="0.004637">
        <testcase name="testIsInstance" class="App\Test\BookControllerTest" classname="App.Test.BookControllerTest" file="/Users/axeljonsson/dbwebb-kurser/mvc/me/report/tests/Controller/BookControllerTest.php" line="16" assertions="1" time="0.004637"/>
      </testsuite>
      <testsuite name="App\Test\DiceTest" file="/Users/axeljonsson/dbwebb-kurser/mvc/me/report/tests/Dice/DiceTest.php" tests="3" assertions="9" errors="0" warnings="0" failures="0" skipped="0" time="0.024305">
        <testcase name="testCreateDice" class="App\Test\DiceTest" classname="App.Test.DiceTest" file="/Users/axeljonsson/dbwebb-kurser/mvc/me/report/tests/Dice/DiceTest.php" line="17" assertions="2" time="0.001713"/>
        <testcase name="testRollDice" class="App\Test\DiceTest" classname="App.Test.DiceTest" file="/Users/axeljonsson/dbwebb-kurser/mvc/me/report/tests/Dice/DiceTest.php" line="31" assertions="5" time="0.003181"/>
        <testcase name="testRollMockedDice" class="App\Test\DiceTest" classname="App.Test.DiceTest" file="/Users/axeljonsson/dbwebb-kurser/mvc/me/report/tests/Dice/DiceTest.php" line="46" assertions="2" time="0.019411"/>
      </testsuite>
      <testsuite name="App\Test\BookTest" file="/Users/axeljonsson/dbwebb-kurser/mvc/me/report/tests/Entity/BookTest.php" tests="3" assertions="7" errors="0" warnings="0" failures="0" skipped="0" time="0.014053">
        <testcase name="testBookCreate" class="App\Test\BookTest" classname="App.Test.BookTest" file="/Users/axeljonsson/dbwebb-kurser/mvc/me/report/tests/Entity/BookTest.php" line="19" assertions="3" time="0.001269"/>
        <testcase name="testBookSetImageException" class="App\Test\BookTest" classname="App.Test.BookTest" file="/Users/axeljonsson/dbwebb-kurser/mvc/me/report/tests/Entity/BookTest.php" line="37" assertions="2" time="0.002218"/>
        <testcase name="testBookSetImageExceptionSvgError" class="App\Test\BookTest" classname="App.Test.BookTest" file="/Users/axeljonsson/dbwebb-kurser/mvc/me/report/tests/Entity/BookTest.php" line="51" assertions="2" time="0.010566"/>
      </testsuite>
    </testsuite>
  </testsuite>
</testsuites>
