<?xml version="1.0" encoding="UTF-8"?>
<testsuites>
  <testsuite name="" tests="18" assertions="56" errors="0" warnings="0" failures="0" skipped="0" time="0.025502">
    <testsuite name="Project Test Suite" tests="18" assertions="56" errors="0" warnings="0" failures="0" skipped="0" time="0.025502">
      <testsuite name="App\Test\BankHandTest" file="/Users/axeljonsson/dbwebb-kurser/mvc/me/report/tests/Card/BankHandTest.php" tests="1" assertions="4" errors="0" warnings="0" failures="0" skipped="0" time="0.011153">
        <testcase name="testDrawCards" class="App\Test\BankHandTest" classname="App.Test.BankHandTest" file="/Users/axeljonsson/dbwebb-kurser/mvc/me/report/tests/Card/BankHandTest.php" line="18" assertions="4" time="0.011153"/>
      </testsuite>
      <testsuite name="App\Test\BetterCardTest" file="/Users/axeljonsson/dbwebb-kurser/mvc/me/report/tests/Card/BetterCardTest.php" tests="2" assertions="4" errors="0" warnings="0" failures="0" skipped="0" time="0.001423">
        <testcase name="testSetValue" class="App\Test\BetterCardTest" classname="App.Test.BetterCardTest" file="/Users/axeljonsson/dbwebb-kurser/mvc/me/report/tests/Card/BetterCardTest.php" line="19" assertions="2" time="0.001051"/>
        <testcase name="testSetPoints" class="App\Test\BetterCardTest" classname="App.Test.BetterCardTest" file="/Users/axeljonsson/dbwebb-kurser/mvc/me/report/tests/Card/BetterCardTest.php" line="34" assertions="2" time="0.000372"/>
      </testsuite>
      <testsuite name="App\Test\CardHandTest" file="/Users/axeljonsson/dbwebb-kurser/mvc/me/report/tests/Card/CardHandTest.php" tests="4" assertions="16" errors="0" warnings="0" failures="0" skipped="0" time="0.002348">
        <testcase name="testGetNumberCards" class="App\Test\CardHandTest" classname="App.Test.CardHandTest" file="/Users/axeljonsson/dbwebb-kurser/mvc/me/report/tests/Card/CardHandTest.php" line="18" assertions="2" time="0.001085"/>
        <testcase name="testAdd" class="App\Test\CardHandTest" classname="App.Test.CardHandTest" file="/Users/axeljonsson/dbwebb-kurser/mvc/me/report/tests/Card/CardHandTest.php" line="32" assertions="4" time="0.000411"/>
        <testcase name="testGetValues" class="App\Test\CardHandTest" classname="App.Test.CardHandTest" file="/Users/axeljonsson/dbwebb-kurser/mvc/me/report/tests/Card/CardHandTest.php" line="56" assertions="5" time="0.000426"/>
        <testcase name="testGetPoints" class="App\Test\CardHandTest" classname="App.Test.CardHandTest" file="/Users/axeljonsson/dbwebb-kurser/mvc/me/report/tests/Card/CardHandTest.php" line="80" assertions="5" time="0.000427"/>
      </testsuite>
      <testsuite name="App\Test\CardTest" file="/Users/axeljonsson/dbwebb-kurser/mvc/me/report/tests/Card/CardTest.php" tests="2" assertions="4" errors="0" warnings="0" failures="0" skipped="0" time="0.000707">
        <testcase name="testGetValue" class="App\Test\CardTest" classname="App.Test.CardTest" file="/Users/axeljonsson/dbwebb-kurser/mvc/me/report/tests/Card/CardTest.php" line="18" assertions="2" time="0.000353"/>
        <testcase name="testGetDetails" class="App\Test\CardTest" classname="App.Test.CardTest" file="/Users/axeljonsson/dbwebb-kurser/mvc/me/report/tests/Card/CardTest.php" line="35" assertions="2" time="0.000353"/>
      </testsuite>
      <testsuite name="App\Test\DeckOfCardsTest" file="/Users/axeljonsson/dbwebb-kurser/mvc/me/report/tests/Card/DeckOfCardsTest.php" tests="8" assertions="26" errors="0" warnings="0" failures="0" skipped="0" time="0.008704">
        <testcase name="testGetNumberOfCards" class="App\Test\DeckOfCardsTest" classname="App.Test.DeckOfCardsTest" file="/Users/axeljonsson/dbwebb-kurser/mvc/me/report/tests/Card/DeckOfCardsTest.php" line="18" assertions="2" time="0.000570"/>
        <testcase name="testGetCards" class="App\Test\DeckOfCardsTest" classname="App.Test.DeckOfCardsTest" file="/Users/axeljonsson/dbwebb-kurser/mvc/me/report/tests/Card/DeckOfCardsTest.php" line="31" assertions="3" time="0.002077"/>
        <testcase name="testGetValues" class="App\Test\DeckOfCardsTest" classname="App.Test.DeckOfCardsTest" file="/Users/axeljonsson/dbwebb-kurser/mvc/me/report/tests/Card/DeckOfCardsTest.php" line="55" assertions="2" time="0.000633"/>
        <testcase name="testGetSuit" class="App\Test\DeckOfCardsTest" classname="App.Test.DeckOfCardsTest" file="/Users/axeljonsson/dbwebb-kurser/mvc/me/report/tests/Card/DeckOfCardsTest.php" line="80" assertions="2" time="0.000606"/>
        <testcase name="testShuffleDeck" class="App\Test\DeckOfCardsTest" classname="App.Test.DeckOfCardsTest" file="/Users/axeljonsson/dbwebb-kurser/mvc/me/report/tests/Card/DeckOfCardsTest.php" line="112" assertions="5" time="0.002179"/>
        <testcase name="testDrawCard" class="App\Test\DeckOfCardsTest" classname="App.Test.DeckOfCardsTest" file="/Users/axeljonsson/dbwebb-kurser/mvc/me/report/tests/Card/DeckOfCardsTest.php" line="153" assertions="4" time="0.000618"/>
        <testcase name="testApiDraw" class="App\Test\DeckOfCardsTest" classname="App.Test.DeckOfCardsTest" file="/Users/axeljonsson/dbwebb-kurser/mvc/me/report/tests/Card/DeckOfCardsTest.php" line="178" assertions="4" time="0.000612"/>
        <testcase name="testRemove" class="App\Test\DeckOfCardsTest" classname="App.Test.DeckOfCardsTest" file="/Users/axeljonsson/dbwebb-kurser/mvc/me/report/tests/Card/DeckOfCardsTest.php" line="200" assertions="4" time="0.001409"/>
      </testsuite>
      <testsuite name="App\Dice\DiceTest" file="/Users/axeljonsson/dbwebb-kurser/mvc/me/report/tests/Dice/DiceTest.php" tests="1" assertions="2" errors="0" warnings="0" failures="0" skipped="0" time="0.001167">
        <testcase name="testCreateDice" class="App\Dice\DiceTest" classname="App.Dice.DiceTest" file="/Users/axeljonsson/dbwebb-kurser/mvc/me/report/tests/Dice/DiceTest.php" line="16" assertions="2" time="0.001167"/>
      </testsuite>
    </testsuite>
  </testsuite>
</testsuites>
